# JRE version: OpenJDK Runtime Environment (11.0.10) (build 11.0.10+0-b96-7249189)
# Java VM: OpenJDK 64-Bit Server VM (11.0.10+0-b96-7249189, mixed mode, tiered, compressed oops, g1 gc, windows-amd64)
Heap:
 garbage-first heap   total 248832K, used 124216K [0x0000000080000000, 0x0000000100000000)
  region size 1024K, 3 young (3072K), 3 survivors (3072K)
 Metaspace       used 102212K, capacity 104841K, committed 105292K, reserved 1140736K
  class space    used 13345K, capacity 14337K, committed 14464K, reserved 1048576K
GC Heap History (20 events):
Event: 15.153 GC heap after
{Heap after GC invocations=25 (full 0):
 garbage-first heap   total 143360K, used 75620K [0x0000000080000000, 0x0000000100000000)
  region size 1024K, 4 young (4096K), 4 survivors (4096K)
 Metaspace       used 84847K, capacity 86953K, committed 87244K, reserved 1124352K
  class space    used 10968K, capacity 11733K, committed 11776K, reserved 1048576K
}
Event: 16.090 GC heap before
{Heap before GC invocations=26 (full 0):
 garbage-first heap   total 143360K, used 113508K [0x0000000080000000, 0x0000000100000000)
  region size 1024K, 42 young (43008K), 4 survivors (4096K)
 Metaspace       used 85998K, capacity 88213K, committed 88524K, reserved 1126400K
  class space    used 11111K, capacity 11905K, committed 12032K, reserved 1048576K
}
Event: 16.100 GC heap after
{Heap after GC invocations=27 (full 0):
 garbage-first heap   total 143360K, used 77563K [0x0000000080000000, 0x0000000100000000)
  region size 1024K, 6 young (6144K), 6 survivors (6144K)
 Metaspace       used 85998K, capacity 88213K, committed 88524K, reserved 1126400K
  class space    used 11111K, capacity 11905K, committed 12032K, reserved 1048576K
}
Event: 17.325 GC heap before
{Heap before GC invocations=27 (full 0):
 garbage-first heap   total 143360K, used 116475K [0x0000000080000000, 0x0000000100000000)
  region size 1024K, 44 young (45056K), 6 survivors (6144K)
 Metaspace       used 88595K, capacity 90860K, committed 91084K, reserved 1128448K
  class space    used 11452K, capacity 12248K, committed 12288K, reserved 1048576K
}
Event: 17.337 GC heap after
{Heap after GC invocations=28 (full 0):
 garbage-first heap   total 172032K, used 78207K [0x0000000080000000, 0x0000000100000000)
  region size 1024K, 4 young (4096K), 4 survivors (4096K)
 Metaspace       used 88595K, capacity 90860K, committed 91084K, reserved 1128448K
  class space    used 11452K, capacity 12248K, committed 12288K, reserved 1048576K
}
Event: 18.829 GC heap before
{Heap before GC invocations=29 (full 0):
 garbage-first heap   total 172032K, used 128383K [0x0000000080000000, 0x0000000100000000)
  region size 1024K, 54 young (55296K), 4 survivors (4096K)
 Metaspace       used 90688K, capacity 92949K, committed 93132K, reserved 1130496K
  class space    used 11673K, capacity 12502K, committed 12544K, reserved 1048576K
}
Event: 18.843 GC heap after
{Heap after GC invocations=30 (full 0):
 garbage-first heap   total 172032K, used 81161K [0x0000000080000000, 0x0000000100000000)
  region size 1024K, 6 young (6144K), 6 survivors (6144K)
 Metaspace       used 90688K, capacity 92949K, committed 93132K, reserved 1130496K
  class space    used 11673K, capacity 12502K, committed 12544K, reserved 1048576K
}
Event: 19.340 GC heap before
{Heap before GC invocations=30 (full 0):
 garbage-first heap   total 172032K, used 131337K [0x0000000080000000, 0x0000000100000000)
  region size 1024K, 56 young (57344K), 6 survivors (6144K)
 Metaspace       used 92115K, capacity 94398K, committed 94668K, reserved 1130496K
  class space    used 11873K, capacity 12705K, committed 12800K, reserved 1048576K
}
Event: 19.357 GC heap after
{Heap after GC invocations=31 (full 0):
 garbage-first heap   total 172032K, used 93859K [0x0000000080000000, 0x0000000100000000)
  region size 1024K, 7 young (7168K), 7 survivors (7168K)
 Metaspace       used 92115K, capacity 94398K, committed 94668K, reserved 1130496K
  class space    used 11873K, capacity 12705K, committed 12800K, reserved 1048576K
}
Event: 20.041 GC heap before
{Heap before GC invocations=31 (full 0):
 garbage-first heap   total 172032K, used 134819K [0x0000000080000000, 0x0000000100000000)
  region size 1024K, 48 young (49152K), 7 survivors (7168K)
 Metaspace       used 94910K, capacity 97348K, committed 97484K, reserved 1134592K
  class space    used 12299K, capacity 13194K, committed 13312K, reserved 1048576K
}
Event: 20.067 GC heap after
{Heap after GC invocations=32 (full 0):
 garbage-first heap   total 172032K, used 99203K [0x0000000080000000, 0x0000000100000000)
  region size 1024K, 6 young (6144K), 6 survivors (6144K)
 Metaspace       used 94910K, capacity 97348K, committed 97484K, reserved 1134592K
  class space    used 12299K, capacity 13194K, committed 13312K, reserved 1048576K
}
Event: 20.689 GC heap before
{Heap before GC invocations=33 (full 0):
 garbage-first heap   total 172032K, used 136067K [0x0000000080000000, 0x0000000100000000)
  region size 1024K, 43 young (44032K), 6 survivors (6144K)
 Metaspace       used 95746K, capacity 98074K, committed 98636K, reserved 1134592K
  class space    used 12372K, capacity 13236K, committed 13440K, reserved 1048576K
}
Event: 20.717 GC heap after
{Heap after GC invocations=34 (full 0):
 garbage-first heap   total 206848K, used 106151K [0x0000000080000000, 0x0000000100000000)
  region size 1024K, 6 young (6144K), 6 survivors (6144K)
 Metaspace       used 95746K, capacity 98074K, committed 98636K, reserved 1134592K
  class space    used 12372K, capacity 13236K, committed 13440K, reserved 1048576K
}
Event: 21.067 GC heap before
{Heap before GC invocations=34 (full 0):
 garbage-first heap   total 206848K, used 154279K [0x0000000080000000, 0x0000000100000000)
  region size 1024K, 53 young (54272K), 6 survivors (6144K)
 Metaspace       used 96899K, capacity 99281K, committed 99404K, reserved 1134592K
  class space    used 12530K, capacity 13418K, committed 13440K, reserved 1048576K
}
Event: 21.092 GC heap after
{Heap after GC invocations=35 (full 0):
 garbage-first heap   total 206848K, used 115147K [0x0000000080000000, 0x0000000100000000)
  region size 1024K, 7 young (7168K), 7 survivors (7168K)
 Metaspace       used 96899K, capacity 99281K, committed 99404K, reserved 1134592K
  class space    used 12530K, capacity 13418K, committed 13440K, reserved 1048576K
}
Event: 21.602 GC heap before
{Heap before GC invocations=36 (full 0):
 garbage-first heap   total 206848K, used 160203K [0x0000000080000000, 0x0000000100000000)
  region size 1024K, 51 young (52224K), 7 survivors (7168K)
 Metaspace       used 99727K, capacity 102187K, committed 102348K, reserved 1138688K
  class space    used 13043K, capacity 13960K, committed 14080K, reserved 1048576K
}
Event: 21.625 GC heap after
{Heap after GC invocations=37 (full 0):
 garbage-first heap   total 206848K, used 121856K [0x0000000080000000, 0x0000000100000000)
  region size 1024K, 6 young (6144K), 6 survivors (6144K)
 Metaspace       used 99727K, capacity 102187K, committed 102348K, reserved 1138688K
  class space    used 13043K, capacity 13960K, committed 14080K, reserved 1048576K
}
Event: 21.951 GC heap before
{Heap before GC invocations=37 (full 0):
 garbage-first heap   total 206848K, used 164864K [0x0000000080000000, 0x0000000100000000)
  region size 1024K, 48 young (49152K), 6 survivors (6144K)
 Metaspace       used 101134K, capacity 103686K, committed 103884K, reserved 1138688K
  class space    used 13252K, capacity 14242K, committed 14336K, reserved 1048576K
}
Event: 21.964 GC heap after
{Heap after GC invocations=38 (full 0):
 garbage-first heap   total 206848K, used 123472K [0x0000000080000000, 0x0000000100000000)
  region size 1024K, 2 young (2048K), 2 survivors (2048K)
 Metaspace       used 101134K, capacity 103686K, committed 103884K, reserved 1138688K
  class space    used 13252K, capacity 14242K, committed 14336K, reserved 1048576K
}
Event: 22.377 GC heap before
{Heap before GC invocations=38 (full 0):
 garbage-first heap   total 206848K, used 165456K [0x0000000080000000, 0x0000000100000000)
  region size 1024K, 44 young (45056K), 2 survivors (2048K)
 Metaspace       used 102212K, capacity 104841K, committed 105292K, reserved 1140736K
  class space    used 13345K, capacity 14337K, committed 14464K, reserved 1048576K
}

